{"/Users/jhonnatanromero/Documents/node-course/vidly/index.js": {"path":"/Users/jhonnatanromero/Documents/node-course/vidly/index.js","statementMap":{"0":{"start":{"line":1,"column":16},"end":{"line":1,"column":34}},"1":{"start":{"line":2,"column":16},"end":{"line":2,"column":34}},"2":{"start":{"line":3,"column":12},"end":{"line":3,"column":21}},"3":{"start":{"line":5,"column":0},"end":{"line":5,"column":31}},"4":{"start":{"line":6,"column":0},"end":{"line":6,"column":33}},"5":{"start":{"line":7,"column":0},"end":{"line":7,"column":26}},"6":{"start":{"line":8,"column":0},"end":{"line":8,"column":30}},"7":{"start":{"line":9,"column":0},"end":{"line":9,"column":34}},"8":{"start":{"line":22,"column":13},"end":{"line":22,"column":37}},"9":{"start":{"line":23,"column":15},"end":{"line":23,"column":84}},"10":{"start":{"line":23,"column":39},"end":{"line":23,"column":83}},"11":{"start":{"line":25,"column":0},"end":{"line":25,"column":24}}},"fnMap":{"0":{"name":"(anonymous_0)","decl":{"start":{"line":23,"column":33},"end":{"line":23,"column":34}},"loc":{"start":{"line":23,"column":39},"end":{"line":23,"column":83}},"line":23}},"branchMap":{"0":{"loc":{"start":{"line":22,"column":13},"end":{"line":22,"column":37}},"type":"binary-expr","locations":[{"start":{"line":22,"column":13},"end":{"line":22,"column":29}},{"start":{"line":22,"column":33},"end":{"line":22,"column":37}}],"line":22}},"s":{"0":2,"1":2,"2":2,"3":2,"4":2,"5":2,"6":2,"7":2,"8":2,"9":2,"10":2,"11":2},"f":{"0":2},"b":{"0":[2,2]},"_coverageSchema":"1a1c01bbd47fc00a2c39e90264f33305004495a9","hash":"1d6381408fcd21cda9d4ce15766cf7a198db1dde"}
,"/Users/jhonnatanromero/Documents/node-course/vidly/middleware/admin.js": {"path":"/Users/jhonnatanromero/Documents/node-course/vidly/middleware/admin.js","statementMap":{"0":{"start":{"line":2,"column":0},"end":{"line":9,"column":1}},"1":{"start":{"line":6,"column":4},"end":{"line":6,"column":73}},"2":{"start":{"line":6,"column":27},"end":{"line":6,"column":73}},"3":{"start":{"line":8,"column":4},"end":{"line":8,"column":11}}},"fnMap":{"0":{"name":"(anonymous_0)","decl":{"start":{"line":2,"column":17},"end":{"line":2,"column":18}},"loc":{"start":{"line":2,"column":43},"end":{"line":9,"column":1}},"line":2}},"branchMap":{"0":{"loc":{"start":{"line":6,"column":4},"end":{"line":6,"column":73}},"type":"if","locations":[{"start":{"line":6,"column":4},"end":{"line":6,"column":73}},{"start":{},"end":{}}],"line":6}},"s":{"0":2,"1":0,"2":0,"3":0},"f":{"0":0},"b":{"0":[0,0]},"_coverageSchema":"1a1c01bbd47fc00a2c39e90264f33305004495a9","hash":"6b5abffb4251cf77f37c85cb770a93438e085d97"}
,"/Users/jhonnatanromero/Documents/node-course/vidly/middleware/auth.js": {"path":"/Users/jhonnatanromero/Documents/node-course/vidly/middleware/auth.js","statementMap":{"0":{"start":{"line":1,"column":12},"end":{"line":1,"column":35}},"1":{"start":{"line":2,"column":15},"end":{"line":2,"column":32}},"2":{"start":{"line":5,"column":18},"end":{"line":5,"column":44}},"3":{"start":{"line":6,"column":4},"end":{"line":6,"column":80}},"4":{"start":{"line":6,"column":16},"end":{"line":6,"column":80}},"5":{"start":{"line":8,"column":4},"end":{"line":15,"column":5}},"6":{"start":{"line":9,"column":24},"end":{"line":9,"column":70}},"7":{"start":{"line":10,"column":8},"end":{"line":10,"column":27}},"8":{"start":{"line":11,"column":8},"end":{"line":11,"column":15}},"9":{"start":{"line":14,"column":8},"end":{"line":14,"column":47}},"10":{"start":{"line":18,"column":0},"end":{"line":18,"column":22}}},"fnMap":{"0":{"name":"auth","decl":{"start":{"line":4,"column":9},"end":{"line":4,"column":13}},"loc":{"start":{"line":4,"column":29},"end":{"line":16,"column":1}},"line":4}},"branchMap":{"0":{"loc":{"start":{"line":6,"column":4},"end":{"line":6,"column":80}},"type":"if","locations":[{"start":{"line":6,"column":4},"end":{"line":6,"column":80}},{"start":{},"end":{}}],"line":6}},"s":{"0":3,"1":3,"2":9,"3":9,"4":2,"5":7,"6":7,"7":6,"8":6,"9":1,"10":3},"f":{"0":9},"b":{"0":[2,7]},"_coverageSchema":"1a1c01bbd47fc00a2c39e90264f33305004495a9","hash":"6d8a65749dda5552d45ae82a108bebdf7cb786f5"}
,"/Users/jhonnatanromero/Documents/node-course/vidly/middleware/error.js": {"path":"/Users/jhonnatanromero/Documents/node-course/vidly/middleware/error.js","statementMap":{"0":{"start":{"line":1,"column":16},"end":{"line":1,"column":34}},"1":{"start":{"line":3,"column":0},"end":{"line":13,"column":1}},"2":{"start":{"line":4,"column":4},"end":{"line":4,"column":36}},"3":{"start":{"line":12,"column":4},"end":{"line":12,"column":45}}},"fnMap":{"0":{"name":"(anonymous_0)","decl":{"start":{"line":3,"column":17},"end":{"line":3,"column":18}},"loc":{"start":{"line":3,"column":48},"end":{"line":13,"column":1}},"line":3}},"branchMap":{},"s":{"0":2,"1":2,"2":0,"3":0},"f":{"0":0},"b":{},"_coverageSchema":"1a1c01bbd47fc00a2c39e90264f33305004495a9","hash":"1d5d2c6157f233fbbecdfb0b52fab75ad77b6306"}
,"/Users/jhonnatanromero/Documents/node-course/vidly/middleware/validateObjectId.js": {"path":"/Users/jhonnatanromero/Documents/node-course/vidly/middleware/validateObjectId.js","statementMap":{"0":{"start":{"line":1,"column":17},"end":{"line":1,"column":36}},"1":{"start":{"line":3,"column":0},"end":{"line":8,"column":1}},"2":{"start":{"line":4,"column":4},"end":{"line":5,"column":49}},"3":{"start":{"line":5,"column":6},"end":{"line":5,"column":49}},"4":{"start":{"line":7,"column":6},"end":{"line":7,"column":13}}},"fnMap":{"0":{"name":"(anonymous_0)","decl":{"start":{"line":3,"column":17},"end":{"line":3,"column":18}},"loc":{"start":{"line":3,"column":43},"end":{"line":8,"column":1}},"line":3}},"branchMap":{"0":{"loc":{"start":{"line":4,"column":4},"end":{"line":5,"column":49}},"type":"if","locations":[{"start":{"line":4,"column":4},"end":{"line":5,"column":49}},{"start":{},"end":{}}],"line":4}},"s":{"0":2,"1":2,"2":3,"3":1,"4":2},"f":{"0":3},"b":{"0":[1,2]},"_coverageSchema":"1a1c01bbd47fc00a2c39e90264f33305004495a9","hash":"4eb184bd8895a9efca607d82b65ceca3192cae8b"}
,"/Users/jhonnatanromero/Documents/node-course/vidly/models/customer.js": {"path":"/Users/jhonnatanromero/Documents/node-course/vidly/models/customer.js","statementMap":{"0":{"start":{"line":1,"column":12},"end":{"line":1,"column":26}},"1":{"start":{"line":2,"column":17},"end":{"line":2,"column":36}},"2":{"start":{"line":4,"column":18},"end":{"line":23,"column":3}},"3":{"start":{"line":27,"column":19},"end":{"line":31,"column":5}},"4":{"start":{"line":33,"column":4},"end":{"line":33,"column":42}},"5":{"start":{"line":38,"column":2},"end":{"line":38,"column":32}},"6":{"start":{"line":39,"column":2},"end":{"line":39,"column":39}}},"fnMap":{"0":{"name":"validateCustomers","decl":{"start":{"line":25,"column":9},"end":{"line":25,"column":26}},"loc":{"start":{"line":25,"column":37},"end":{"line":35,"column":3}},"line":25}},"branchMap":{},"s":{"0":2,"1":2,"2":2,"3":0,"4":0,"5":2,"6":2},"f":{"0":0},"b":{},"_coverageSchema":"1a1c01bbd47fc00a2c39e90264f33305004495a9","hash":"8a63ec276114c980f95c1cd0f859a09eced72e39"}
,"/Users/jhonnatanromero/Documents/node-course/vidly/models/genre.js": {"path":"/Users/jhonnatanromero/Documents/node-course/vidly/models/genre.js","statementMap":{"0":{"start":{"line":1,"column":12},"end":{"line":1,"column":26}},"1":{"start":{"line":4,"column":17},"end":{"line":4,"column":36}},"2":{"start":{"line":6,"column":20},"end":{"line":15,"column":2}},"3":{"start":{"line":16,"column":14},"end":{"line":16,"column":50}},"4":{"start":{"line":20,"column":19},"end":{"line":22,"column":5}},"5":{"start":{"line":24,"column":4},"end":{"line":24,"column":39}},"6":{"start":{"line":29,"column":2},"end":{"line":29,"column":36}},"7":{"start":{"line":30,"column":2},"end":{"line":30,"column":24}},"8":{"start":{"line":31,"column":2},"end":{"line":31,"column":35}}},"fnMap":{"0":{"name":"validateGenre","decl":{"start":{"line":18,"column":12},"end":{"line":18,"column":25}},"loc":{"start":{"line":18,"column":33},"end":{"line":26,"column":3}},"line":18}},"branchMap":{},"s":{"0":2,"1":2,"2":2,"3":2,"4":5,"5":5,"6":2,"7":2,"8":2},"f":{"0":5},"b":{},"_coverageSchema":"1a1c01bbd47fc00a2c39e90264f33305004495a9","hash":"18197f64e1ae1c3c8b4244ae6a5b4c8698df14f7"}
,"/Users/jhonnatanromero/Documents/node-course/vidly/models/movie.js": {"path":"/Users/jhonnatanromero/Documents/node-course/vidly/models/movie.js","statementMap":{"0":{"start":{"line":1,"column":12},"end":{"line":1,"column":26}},"1":{"start":{"line":4,"column":17},"end":{"line":4,"column":36}},"2":{"start":{"line":5,"column":22},"end":{"line":5,"column":40}},"3":{"start":{"line":10,"column":14},"end":{"line":37,"column":3}},"4":{"start":{"line":41,"column":19},"end":{"line":46,"column":5}},"5":{"start":{"line":48,"column":4},"end":{"line":48,"column":39}},"6":{"start":{"line":54,"column":2},"end":{"line":54,"column":24}},"7":{"start":{"line":55,"column":2},"end":{"line":55,"column":35}}},"fnMap":{"0":{"name":"validateMovie","decl":{"start":{"line":39,"column":9},"end":{"line":39,"column":22}},"loc":{"start":{"line":39,"column":30},"end":{"line":50,"column":3}},"line":39}},"branchMap":{},"s":{"0":2,"1":2,"2":2,"3":2,"4":0,"5":0,"6":2,"7":2},"f":{"0":0},"b":{},"_coverageSchema":"1a1c01bbd47fc00a2c39e90264f33305004495a9","hash":"eca37846506617db9c8d611ccd69ba04eb52623d"}
,"/Users/jhonnatanromero/Documents/node-course/vidly/models/rental.js": {"path":"/Users/jhonnatanromero/Documents/node-course/vidly/models/rental.js","statementMap":{"0":{"start":{"line":1,"column":12},"end":{"line":1,"column":26}},"1":{"start":{"line":2,"column":16},"end":{"line":2,"column":48}},"2":{"start":{"line":5,"column":17},"end":{"line":5,"column":36}},"3":{"start":{"line":8,"column":21},"end":{"line":66,"column":2}},"4":{"start":{"line":68,"column":15},"end":{"line":68,"column":57}},"5":{"start":{"line":71,"column":19},"end":{"line":74,"column":5}},"6":{"start":{"line":75,"column":4},"end":{"line":75,"column":40}},"7":{"start":{"line":79,"column":0},"end":{"line":79,"column":24}},"8":{"start":{"line":80,"column":0},"end":{"line":80,"column":34}}},"fnMap":{"0":{"name":"validateRental","decl":{"start":{"line":70,"column":9},"end":{"line":70,"column":23}},"loc":{"start":{"line":70,"column":31},"end":{"line":76,"column":1}},"line":70}},"branchMap":{},"s":{"0":2,"1":2,"2":2,"3":2,"4":2,"5":0,"6":0,"7":2,"8":2},"f":{"0":0},"b":{},"_coverageSchema":"1a1c01bbd47fc00a2c39e90264f33305004495a9","hash":"9554908baaaf2dc8749fbe1617452e970b0001fc"}
,"/Users/jhonnatanromero/Documents/node-course/vidly/models/user.js": {"path":"/Users/jhonnatanromero/Documents/node-course/vidly/models/user.js","statementMap":{"0":{"start":{"line":1,"column":15},"end":{"line":1,"column":32}},"1":{"start":{"line":2,"column":12},"end":{"line":2,"column":35}},"2":{"start":{"line":3,"column":12},"end":{"line":3,"column":26}},"3":{"start":{"line":4,"column":17},"end":{"line":4,"column":36}},"4":{"start":{"line":6,"column":19},"end":{"line":30,"column":2}},"5":{"start":{"line":32,"column":0},"end":{"line":35,"column":1}},"6":{"start":{"line":33,"column":18},"end":{"line":33,"column":95}},"7":{"start":{"line":34,"column":4},"end":{"line":34,"column":17}},"8":{"start":{"line":37,"column":13},"end":{"line":37,"column":51}},"9":{"start":{"line":41,"column":19},"end":{"line":46,"column":5}},"10":{"start":{"line":48,"column":4},"end":{"line":48,"column":38}},"11":{"start":{"line":52,"column":2},"end":{"line":52,"column":22}},"12":{"start":{"line":53,"column":2},"end":{"line":53,"column":34}}},"fnMap":{"0":{"name":"(anonymous_0)","decl":{"start":{"line":32,"column":39},"end":{"line":32,"column":40}},"loc":{"start":{"line":32,"column":51},"end":{"line":35,"column":1}},"line":32},"1":{"name":"validateUser","decl":{"start":{"line":39,"column":9},"end":{"line":39,"column":21}},"loc":{"start":{"line":39,"column":28},"end":{"line":50,"column":3}},"line":39}},"branchMap":{},"s":{"0":4,"1":4,"2":4,"3":4,"4":4,"5":4,"6":10,"7":10,"8":4,"9":0,"10":0,"11":4,"12":4},"f":{"0":10,"1":0},"b":{},"_coverageSchema":"1a1c01bbd47fc00a2c39e90264f33305004495a9","hash":"1e891aa64373809cd6727bbfb4c4d2b76aa79508"}
,"/Users/jhonnatanromero/Documents/node-course/vidly/routes/auth.js": {"path":"/Users/jhonnatanromero/Documents/node-course/vidly/routes/auth.js","statementMap":{"0":{"start":{"line":1,"column":12},"end":{"line":1,"column":26}},"1":{"start":{"line":2,"column":15},"end":{"line":2,"column":32}},"2":{"start":{"line":3,"column":10},"end":{"line":3,"column":27}},"3":{"start":{"line":4,"column":17},"end":{"line":4,"column":42}},"4":{"start":{"line":5,"column":17},"end":{"line":5,"column":36}},"5":{"start":{"line":6,"column":16},"end":{"line":6,"column":34}},"6":{"start":{"line":7,"column":17},"end":{"line":7,"column":34}},"7":{"start":{"line":8,"column":15},"end":{"line":8,"column":31}},"8":{"start":{"line":10,"column":0},"end":{"line":23,"column":3}},"9":{"start":{"line":11,"column":22},"end":{"line":11,"column":40}},"10":{"start":{"line":12,"column":3},"end":{"line":12,"column":67}},"11":{"start":{"line":12,"column":13},"end":{"line":12,"column":67}},"12":{"start":{"line":14,"column":14},"end":{"line":14,"column":59}},"13":{"start":{"line":15,"column":3},"end":{"line":15,"column":70}},"14":{"start":{"line":15,"column":14},"end":{"line":15,"column":70}},"15":{"start":{"line":17,"column":25},"end":{"line":17,"column":79}},"16":{"start":{"line":18,"column":3},"end":{"line":18,"column":80}},"17":{"start":{"line":18,"column":23},"end":{"line":18,"column":80}},"18":{"start":{"line":20,"column":17},"end":{"line":20,"column":41}},"19":{"start":{"line":21,"column":3},"end":{"line":21,"column":19}},"20":{"start":{"line":29,"column":19},"end":{"line":34,"column":5}},"21":{"start":{"line":36,"column":4},"end":{"line":36,"column":38}},"22":{"start":{"line":41,"column":0},"end":{"line":41,"column":24}}},"fnMap":{"0":{"name":"(anonymous_0)","decl":{"start":{"line":10,"column":17},"end":{"line":10,"column":18}},"loc":{"start":{"line":10,"column":37},"end":{"line":23,"column":1}},"line":10},"1":{"name":"validate","decl":{"start":{"line":27,"column":9},"end":{"line":27,"column":17}},"loc":{"start":{"line":27,"column":24},"end":{"line":38,"column":3}},"line":27}},"branchMap":{"0":{"loc":{"start":{"line":12,"column":3},"end":{"line":12,"column":67}},"type":"if","locations":[{"start":{"line":12,"column":3},"end":{"line":12,"column":67}},{"start":{},"end":{}}],"line":12},"1":{"loc":{"start":{"line":15,"column":3},"end":{"line":15,"column":70}},"type":"if","locations":[{"start":{"line":15,"column":3},"end":{"line":15,"column":70}},{"start":{},"end":{}}],"line":15},"2":{"loc":{"start":{"line":18,"column":3},"end":{"line":18,"column":80}},"type":"if","locations":[{"start":{"line":18,"column":3},"end":{"line":18,"column":80}},{"start":{},"end":{}}],"line":18}},"s":{"0":2,"1":2,"2":2,"3":2,"4":2,"5":2,"6":2,"7":2,"8":2,"9":0,"10":0,"11":0,"12":0,"13":0,"14":0,"15":0,"16":0,"17":0,"18":0,"19":0,"20":0,"21":0,"22":2},"f":{"0":0,"1":0},"b":{"0":[0,0],"1":[0,0],"2":[0,0]},"_coverageSchema":"1a1c01bbd47fc00a2c39e90264f33305004495a9","hash":"69fad481d44d0af43884e3d767c4fd0495129bb0"}
,"/Users/jhonnatanromero/Documents/node-course/vidly/routes/customers.js": {"path":"/Users/jhonnatanromero/Documents/node-course/vidly/routes/customers.js","statementMap":{"0":{"start":{"line":1,"column":13},"end":{"line":1,"column":42}},"1":{"start":{"line":2,"column":32},"end":{"line":2,"column":61}},"2":{"start":{"line":3,"column":16},"end":{"line":3,"column":34}},"3":{"start":{"line":4,"column":15},"end":{"line":4,"column":31}},"4":{"start":{"line":5,"column":17},"end":{"line":5,"column":36}},"5":{"start":{"line":10,"column":0},"end":{"line":21,"column":3}},"6":{"start":{"line":11,"column":22},"end":{"line":11,"column":40}},"7":{"start":{"line":12,"column":4},"end":{"line":12,"column":68}},"8":{"start":{"line":12,"column":14},"end":{"line":12,"column":68}},"9":{"start":{"line":13,"column":20},"end":{"line":16,"column":33}},"10":{"start":{"line":17,"column":4},"end":{"line":17,"column":39}},"11":{"start":{"line":18,"column":4},"end":{"line":18,"column":24}},"12":{"start":{"line":23,"column":1},"end":{"line":27,"column":3}},"13":{"start":{"line":24,"column":21},"end":{"line":24,"column":56}},"14":{"start":{"line":26,"column":4},"end":{"line":26,"column":23}},"15":{"start":{"line":29,"column":0},"end":{"line":39,"column":3}},"16":{"start":{"line":30,"column":22},"end":{"line":30,"column":40}},"17":{"start":{"line":31,"column":4},"end":{"line":31,"column":69}},"18":{"start":{"line":31,"column":15},"end":{"line":31,"column":69}},"19":{"start":{"line":32,"column":21},"end":{"line":37,"column":23}},"20":{"start":{"line":38,"column":4},"end":{"line":38,"column":23}},"21":{"start":{"line":41,"column":0},"end":{"line":44,"column":3}},"22":{"start":{"line":42,"column":21},"end":{"line":42,"column":69}},"23":{"start":{"line":43,"column":4},"end":{"line":43,"column":23}},"24":{"start":{"line":47,"column":2},"end":{"line":51,"column":3}},"25":{"start":{"line":48,"column":21},"end":{"line":48,"column":60}},"26":{"start":{"line":49,"column":4},"end":{"line":49,"column":70}},"27":{"start":{"line":49,"column":19},"end":{"line":49,"column":70}},"28":{"start":{"line":50,"column":4},"end":{"line":50,"column":23}},"29":{"start":{"line":53,"column":0},"end":{"line":53,"column":24}}},"fnMap":{"0":{"name":"(anonymous_0)","decl":{"start":{"line":10,"column":23},"end":{"line":10,"column":24}},"loc":{"start":{"line":10,"column":43},"end":{"line":21,"column":1}},"line":10},"1":{"name":"(anonymous_1)","decl":{"start":{"line":23,"column":17},"end":{"line":23,"column":18}},"loc":{"start":{"line":23,"column":37},"end":{"line":27,"column":1}},"line":23},"2":{"name":"(anonymous_2)","decl":{"start":{"line":29,"column":19},"end":{"line":29,"column":20}},"loc":{"start":{"line":29,"column":39},"end":{"line":39,"column":1}},"line":29},"3":{"name":"(anonymous_3)","decl":{"start":{"line":41,"column":22},"end":{"line":41,"column":23}},"loc":{"start":{"line":41,"column":41},"end":{"line":44,"column":1}},"line":41},"4":{"name":"(anonymous_4)","decl":{"start":{"line":47,"column":21},"end":{"line":47,"column":22}},"loc":{"start":{"line":47,"column":41},"end":{"line":51,"column":1}},"line":47}},"branchMap":{"0":{"loc":{"start":{"line":12,"column":4},"end":{"line":12,"column":68}},"type":"if","locations":[{"start":{"line":12,"column":4},"end":{"line":12,"column":68}},{"start":{},"end":{}}],"line":12},"1":{"loc":{"start":{"line":31,"column":4},"end":{"line":31,"column":69}},"type":"if","locations":[{"start":{"line":31,"column":4},"end":{"line":31,"column":69}},{"start":{},"end":{}}],"line":31},"2":{"loc":{"start":{"line":49,"column":4},"end":{"line":49,"column":70}},"type":"if","locations":[{"start":{"line":49,"column":4},"end":{"line":49,"column":70}},{"start":{},"end":{}}],"line":49}},"s":{"0":2,"1":2,"2":2,"3":2,"4":2,"5":2,"6":0,"7":0,"8":0,"9":0,"10":0,"11":0,"12":2,"13":0,"14":0,"15":2,"16":0,"17":0,"18":0,"19":0,"20":0,"21":2,"22":0,"23":0,"24":2,"25":0,"26":0,"27":0,"28":0,"29":2},"f":{"0":0,"1":0,"2":0,"3":0,"4":0},"b":{"0":[0,0],"1":[0,0],"2":[0,0]},"_coverageSchema":"1a1c01bbd47fc00a2c39e90264f33305004495a9","hash":"3f9cd17e2732dc41ede3d6dbbfb092e952a0ac31"}
,"/Users/jhonnatanromero/Documents/node-course/vidly/routes/genres.js": {"path":"/Users/jhonnatanromero/Documents/node-course/vidly/routes/genres.js","statementMap":{"0":{"start":{"line":1,"column":25},"end":{"line":1,"column":66}},"1":{"start":{"line":2,"column":13},"end":{"line":2,"column":42}},"2":{"start":{"line":3,"column":14},"end":{"line":3,"column":44}},"3":{"start":{"line":4,"column":28},"end":{"line":4,"column":54}},"4":{"start":{"line":5,"column":17},"end":{"line":5,"column":36}},"5":{"start":{"line":6,"column":16},"end":{"line":6,"column":34}},"6":{"start":{"line":7,"column":15},"end":{"line":7,"column":31}},"7":{"start":{"line":30,"column":3},"end":{"line":39,"column":5}},"8":{"start":{"line":31,"column":21},"end":{"line":31,"column":39}},"9":{"start":{"line":32,"column":3},"end":{"line":32,"column":67}},"10":{"start":{"line":32,"column":13},"end":{"line":32,"column":67}},"11":{"start":{"line":34,"column":15},"end":{"line":34,"column":49}},"12":{"start":{"line":36,"column":4},"end":{"line":36,"column":31}},"13":{"start":{"line":37,"column":4},"end":{"line":37,"column":20}},"14":{"start":{"line":43,"column":6},"end":{"line":47,"column":9}},"15":{"start":{"line":45,"column":23},"end":{"line":45,"column":54}},"16":{"start":{"line":46,"column":8},"end":{"line":46,"column":25}},"17":{"start":{"line":50,"column":1},"end":{"line":65,"column":4}},"18":{"start":{"line":51,"column":20},"end":{"line":51,"column":38}},"19":{"start":{"line":52,"column":2},"end":{"line":52,"column":67}},"20":{"start":{"line":52,"column":13},"end":{"line":52,"column":67}},"21":{"start":{"line":53,"column":19},"end":{"line":55,"column":7}},"22":{"start":{"line":58,"column":5},"end":{"line":58,"column":75}},"23":{"start":{"line":58,"column":17},"end":{"line":58,"column":75}},"24":{"start":{"line":61,"column":5},"end":{"line":61,"column":21}},"25":{"start":{"line":67,"column":1},"end":{"line":79,"column":4}},"26":{"start":{"line":69,"column":16},"end":{"line":69,"column":60}},"27":{"start":{"line":72,"column":3},"end":{"line":72,"column":73}},"28":{"start":{"line":72,"column":15},"end":{"line":72,"column":73}},"29":{"start":{"line":78,"column":4},"end":{"line":78,"column":20}},"30":{"start":{"line":86,"column":1},"end":{"line":92,"column":4}},"31":{"start":{"line":88,"column":16},"end":{"line":88,"column":51}},"32":{"start":{"line":90,"column":3},"end":{"line":90,"column":80}},"33":{"start":{"line":90,"column":15},"end":{"line":90,"column":80}},"34":{"start":{"line":91,"column":3},"end":{"line":91,"column":19}},"35":{"start":{"line":94,"column":1},"end":{"line":94,"column":25}}},"fnMap":{"0":{"name":"(anonymous_0)","decl":{"start":{"line":30,"column":26},"end":{"line":30,"column":27}},"loc":{"start":{"line":30,"column":46},"end":{"line":39,"column":3}},"line":30},"1":{"name":"(anonymous_1)","decl":{"start":{"line":43,"column":22},"end":{"line":43,"column":23}},"loc":{"start":{"line":43,"column":42},"end":{"line":47,"column":7}},"line":43},"2":{"name":"(anonymous_2)","decl":{"start":{"line":50,"column":20},"end":{"line":50,"column":21}},"loc":{"start":{"line":50,"column":40},"end":{"line":65,"column":2}},"line":50},"3":{"name":"(anonymous_3)","decl":{"start":{"line":67,"column":38},"end":{"line":67,"column":39}},"loc":{"start":{"line":67,"column":58},"end":{"line":79,"column":2}},"line":67},"4":{"name":"(anonymous_4)","decl":{"start":{"line":86,"column":38},"end":{"line":86,"column":39}},"loc":{"start":{"line":86,"column":59},"end":{"line":92,"column":2}},"line":86}},"branchMap":{"0":{"loc":{"start":{"line":32,"column":3},"end":{"line":32,"column":67}},"type":"if","locations":[{"start":{"line":32,"column":3},"end":{"line":32,"column":67}},{"start":{},"end":{}}],"line":32},"1":{"loc":{"start":{"line":52,"column":2},"end":{"line":52,"column":67}},"type":"if","locations":[{"start":{"line":52,"column":2},"end":{"line":52,"column":67}},{"start":{},"end":{}}],"line":52},"2":{"loc":{"start":{"line":58,"column":5},"end":{"line":58,"column":75}},"type":"if","locations":[{"start":{"line":58,"column":5},"end":{"line":58,"column":75}},{"start":{},"end":{}}],"line":58},"3":{"loc":{"start":{"line":72,"column":3},"end":{"line":72,"column":73}},"type":"if","locations":[{"start":{"line":72,"column":3},"end":{"line":72,"column":73}},{"start":{},"end":{}}],"line":72},"4":{"loc":{"start":{"line":90,"column":3},"end":{"line":90,"column":80}},"type":"if","locations":[{"start":{"line":90,"column":3},"end":{"line":90,"column":80}},{"start":{},"end":{}}],"line":90}},"s":{"0":2,"1":2,"2":2,"3":2,"4":2,"5":2,"6":2,"7":2,"8":5,"9":5,"10":2,"11":3,"12":3,"13":3,"14":2,"15":1,"16":1,"17":2,"18":0,"19":0,"20":0,"21":0,"22":0,"23":0,"24":0,"25":2,"26":0,"27":0,"28":0,"29":0,"30":2,"31":2,"32":2,"33":1,"34":1,"35":2},"f":{"0":5,"1":1,"2":0,"3":0,"4":2},"b":{"0":[2,3],"1":[0,0],"2":[0,0],"3":[0,0],"4":[1,1]},"_coverageSchema":"1a1c01bbd47fc00a2c39e90264f33305004495a9","hash":"33e9efe8c983d744d418f1810ce1255f073af769"}
,"/Users/jhonnatanromero/Documents/node-course/vidly/routes/movies.js": {"path":"/Users/jhonnatanromero/Documents/node-course/vidly/routes/movies.js","statementMap":{"0":{"start":{"line":1,"column":28},"end":{"line":1,"column":54}},"1":{"start":{"line":2,"column":16},"end":{"line":2,"column":42}},"2":{"start":{"line":3,"column":16},"end":{"line":3,"column":34}},"3":{"start":{"line":4,"column":15},"end":{"line":4,"column":31}},"4":{"start":{"line":8,"column":0},"end":{"line":24,"column":3}},"5":{"start":{"line":9,"column":22},"end":{"line":9,"column":40}},"6":{"start":{"line":10,"column":4},"end":{"line":10,"column":68}},"7":{"start":{"line":10,"column":14},"end":{"line":10,"column":68}},"8":{"start":{"line":11,"column":18},"end":{"line":11,"column":56}},"9":{"start":{"line":12,"column":4},"end":{"line":12,"column":60}},"10":{"start":{"line":12,"column":15},"end":{"line":12,"column":60}},"11":{"start":{"line":14,"column":18},"end":{"line":21,"column":51}},"12":{"start":{"line":22,"column":4},"end":{"line":22,"column":23}},"13":{"start":{"line":23,"column":4},"end":{"line":23,"column":20}},"14":{"start":{"line":26,"column":0},"end":{"line":29,"column":3}},"15":{"start":{"line":27,"column":18},"end":{"line":27,"column":50}},"16":{"start":{"line":28,"column":4},"end":{"line":28,"column":20}},"17":{"start":{"line":31,"column":0},"end":{"line":34,"column":3}},"18":{"start":{"line":32,"column":18},"end":{"line":32,"column":104}},"19":{"start":{"line":33,"column":4},"end":{"line":33,"column":20}},"20":{"start":{"line":36,"column":0},"end":{"line":39,"column":3}},"21":{"start":{"line":37,"column":18},"end":{"line":37,"column":62}},"22":{"start":{"line":38,"column":4},"end":{"line":38,"column":20}},"23":{"start":{"line":41,"column":0},"end":{"line":49,"column":6}},"24":{"start":{"line":42,"column":18},"end":{"line":42,"column":47}},"25":{"start":{"line":43,"column":18},"end":{"line":43,"column":47}},"26":{"start":{"line":45,"column":5},"end":{"line":45,"column":75}},"27":{"start":{"line":45,"column":17},"end":{"line":45,"column":75}},"28":{"start":{"line":46,"column":5},"end":{"line":46,"column":21}},"29":{"start":{"line":47,"column":5},"end":{"line":47,"column":75}},"30":{"start":{"line":47,"column":17},"end":{"line":47,"column":75}},"31":{"start":{"line":48,"column":5},"end":{"line":48,"column":21}},"32":{"start":{"line":52,"column":0},"end":{"line":52,"column":24}}},"fnMap":{"0":{"name":"(anonymous_0)","decl":{"start":{"line":8,"column":17},"end":{"line":8,"column":18}},"loc":{"start":{"line":8,"column":38},"end":{"line":24,"column":1}},"line":8},"1":{"name":"(anonymous_1)","decl":{"start":{"line":26,"column":16},"end":{"line":26,"column":17}},"loc":{"start":{"line":26,"column":36},"end":{"line":29,"column":1}},"line":26},"2":{"name":"(anonymous_2)","decl":{"start":{"line":31,"column":19},"end":{"line":31,"column":20}},"loc":{"start":{"line":31,"column":39},"end":{"line":34,"column":1}},"line":31},"3":{"name":"(anonymous_3)","decl":{"start":{"line":36,"column":22},"end":{"line":36,"column":23}},"loc":{"start":{"line":36,"column":42},"end":{"line":39,"column":1}},"line":36},"4":{"name":"(anonymous_4)","decl":{"start":{"line":41,"column":19},"end":{"line":41,"column":20}},"loc":{"start":{"line":41,"column":40},"end":{"line":49,"column":4}},"line":41}},"branchMap":{"0":{"loc":{"start":{"line":10,"column":4},"end":{"line":10,"column":68}},"type":"if","locations":[{"start":{"line":10,"column":4},"end":{"line":10,"column":68}},{"start":{},"end":{}}],"line":10},"1":{"loc":{"start":{"line":12,"column":4},"end":{"line":12,"column":60}},"type":"if","locations":[{"start":{"line":12,"column":4},"end":{"line":12,"column":60}},{"start":{},"end":{}}],"line":12},"2":{"loc":{"start":{"line":45,"column":5},"end":{"line":45,"column":75}},"type":"if","locations":[{"start":{"line":45,"column":5},"end":{"line":45,"column":75}},{"start":{},"end":{}}],"line":45},"3":{"loc":{"start":{"line":47,"column":5},"end":{"line":47,"column":75}},"type":"if","locations":[{"start":{"line":47,"column":5},"end":{"line":47,"column":75}},{"start":{},"end":{}}],"line":47}},"s":{"0":2,"1":2,"2":2,"3":2,"4":2,"5":0,"6":0,"7":0,"8":0,"9":0,"10":0,"11":0,"12":0,"13":0,"14":2,"15":0,"16":0,"17":2,"18":0,"19":0,"20":2,"21":0,"22":0,"23":2,"24":0,"25":0,"26":0,"27":0,"28":0,"29":0,"30":0,"31":0,"32":2},"f":{"0":0,"1":0,"2":0,"3":0,"4":0},"b":{"0":[0,0],"1":[0,0],"2":[0,0],"3":[0,0]},"_coverageSchema":"1a1c01bbd47fc00a2c39e90264f33305004495a9","hash":"898983719e771fc7cfaf125aa4e01be0249190fd"}
,"/Users/jhonnatanromero/Documents/node-course/vidly/routes/rentals.js": {"path":"/Users/jhonnatanromero/Documents/node-course/vidly/routes/rentals.js","statementMap":{"0":{"start":{"line":1,"column":27},"end":{"line":1,"column":54}},"1":{"start":{"line":2,"column":16},"end":{"line":2,"column":42}},"2":{"start":{"line":3,"column":20},"end":{"line":3,"column":49}},"3":{"start":{"line":4,"column":13},"end":{"line":4,"column":28}},"4":{"start":{"line":5,"column":17},"end":{"line":5,"column":36}},"5":{"start":{"line":6,"column":16},"end":{"line":6,"column":34}},"6":{"start":{"line":7,"column":16},"end":{"line":7,"column":48}},"7":{"start":{"line":8,"column":15},"end":{"line":8,"column":31}},"8":{"start":{"line":10,"column":0},"end":{"line":10,"column":20}},"9":{"start":{"line":12,"column":0},"end":{"line":15,"column":3}},"10":{"start":{"line":13,"column":19},"end":{"line":13,"column":55}},"11":{"start":{"line":14,"column":4},"end":{"line":14,"column":21}},"12":{"start":{"line":17,"column":0},"end":{"line":57,"column":3}},"13":{"start":{"line":18,"column":22},"end":{"line":18,"column":40}},"14":{"start":{"line":19,"column":3},"end":{"line":19,"column":67}},"15":{"start":{"line":19,"column":13},"end":{"line":19,"column":67}},"16":{"start":{"line":21,"column":21},"end":{"line":21,"column":66}},"17":{"start":{"line":22,"column":3},"end":{"line":22,"column":65}},"18":{"start":{"line":22,"column":17},"end":{"line":22,"column":65}},"19":{"start":{"line":24,"column":17},"end":{"line":24,"column":55}},"20":{"start":{"line":25,"column":3},"end":{"line":25,"column":61}},"21":{"start":{"line":25,"column":15},"end":{"line":25,"column":61}},"22":{"start":{"line":27,"column":3},"end":{"line":27,"column":84}},"23":{"start":{"line":27,"column":34},"end":{"line":27,"column":84}},"24":{"start":{"line":28,"column":17},"end":{"line":41,"column":10}},"25":{"start":{"line":42,"column":2},"end":{"line":55,"column":5}},"26":{"start":{"line":43,"column":4},"end":{"line":49,"column":15}},"27":{"start":{"line":51,"column":4},"end":{"line":51,"column":21}},"28":{"start":{"line":54,"column":8},"end":{"line":54,"column":50}},"29":{"start":{"line":59,"column":0},"end":{"line":66,"column":2}},"30":{"start":{"line":60,"column":19},"end":{"line":63,"column":44}},"31":{"start":{"line":65,"column":8},"end":{"line":65,"column":25}},"32":{"start":{"line":68,"column":0},"end":{"line":71,"column":2}},"33":{"start":{"line":69,"column":19},"end":{"line":69,"column":64}},"34":{"start":{"line":70,"column":4},"end":{"line":70,"column":21}},"35":{"start":{"line":73,"column":0},"end":{"line":77,"column":3}},"36":{"start":{"line":74,"column":19},"end":{"line":74,"column":55}},"37":{"start":{"line":75,"column":4},"end":{"line":75,"column":53}},"38":{"start":{"line":75,"column":16},"end":{"line":75,"column":53}},"39":{"start":{"line":76,"column":4},"end":{"line":76,"column":21}},"40":{"start":{"line":80,"column":0},"end":{"line":80,"column":24}}},"fnMap":{"0":{"name":"(anonymous_0)","decl":{"start":{"line":12,"column":16},"end":{"line":12,"column":17}},"loc":{"start":{"line":12,"column":36},"end":{"line":15,"column":1}},"line":12},"1":{"name":"(anonymous_1)","decl":{"start":{"line":17,"column":17},"end":{"line":17,"column":18}},"loc":{"start":{"line":17,"column":37},"end":{"line":57,"column":1}},"line":17},"2":{"name":"(anonymous_2)","decl":{"start":{"line":59,"column":19},"end":{"line":59,"column":20}},"loc":{"start":{"line":59,"column":39},"end":{"line":66,"column":1}},"line":59},"3":{"name":"(anonymous_3)","decl":{"start":{"line":68,"column":22},"end":{"line":68,"column":23}},"loc":{"start":{"line":68,"column":42},"end":{"line":71,"column":1}},"line":68},"4":{"name":"(anonymous_4)","decl":{"start":{"line":73,"column":19},"end":{"line":73,"column":20}},"loc":{"start":{"line":73,"column":39},"end":{"line":77,"column":1}},"line":73}},"branchMap":{"0":{"loc":{"start":{"line":19,"column":3},"end":{"line":19,"column":67}},"type":"if","locations":[{"start":{"line":19,"column":3},"end":{"line":19,"column":67}},{"start":{},"end":{}}],"line":19},"1":{"loc":{"start":{"line":22,"column":3},"end":{"line":22,"column":65}},"type":"if","locations":[{"start":{"line":22,"column":3},"end":{"line":22,"column":65}},{"start":{},"end":{}}],"line":22},"2":{"loc":{"start":{"line":25,"column":3},"end":{"line":25,"column":61}},"type":"if","locations":[{"start":{"line":25,"column":3},"end":{"line":25,"column":61}},{"start":{},"end":{}}],"line":25},"3":{"loc":{"start":{"line":27,"column":3},"end":{"line":27,"column":84}},"type":"if","locations":[{"start":{"line":27,"column":3},"end":{"line":27,"column":84}},{"start":{},"end":{}}],"line":27},"4":{"loc":{"start":{"line":75,"column":4},"end":{"line":75,"column":53}},"type":"if","locations":[{"start":{"line":75,"column":4},"end":{"line":75,"column":53}},{"start":{},"end":{}}],"line":75}},"s":{"0":2,"1":2,"2":2,"3":2,"4":2,"5":2,"6":2,"7":2,"8":2,"9":2,"10":0,"11":0,"12":2,"13":0,"14":0,"15":0,"16":0,"17":0,"18":0,"19":0,"20":0,"21":0,"22":0,"23":0,"24":0,"25":0,"26":0,"27":0,"28":0,"29":2,"30":0,"31":0,"32":2,"33":0,"34":0,"35":2,"36":0,"37":0,"38":0,"39":0,"40":2},"f":{"0":0,"1":0,"2":0,"3":0,"4":0},"b":{"0":[0,0],"1":[0,0],"2":[0,0],"3":[0,0],"4":[0,0]},"_coverageSchema":"1a1c01bbd47fc00a2c39e90264f33305004495a9","hash":"7702561ebe10f6237ee11b3c0bb72bf3ca42d226"}
,"/Users/jhonnatanromero/Documents/node-course/vidly/routes/users.js": {"path":"/Users/jhonnatanromero/Documents/node-course/vidly/routes/users.js","statementMap":{"0":{"start":{"line":1,"column":13},"end":{"line":1,"column":42}},"1":{"start":{"line":2,"column":12},"end":{"line":2,"column":35}},"2":{"start":{"line":3,"column":15},"end":{"line":3,"column":32}},"3":{"start":{"line":4,"column":15},"end":{"line":4,"column":32}},"4":{"start":{"line":5,"column":10},"end":{"line":5,"column":27}},"5":{"start":{"line":6,"column":27},"end":{"line":6,"column":52}},"6":{"start":{"line":7,"column":17},"end":{"line":7,"column":36}},"7":{"start":{"line":8,"column":16},"end":{"line":8,"column":34}},"8":{"start":{"line":9,"column":15},"end":{"line":9,"column":31}},"9":{"start":{"line":11,"column":0},"end":{"line":15,"column":2}},"10":{"start":{"line":13,"column":17},"end":{"line":13,"column":70}},"11":{"start":{"line":14,"column":4},"end":{"line":14,"column":19}},"12":{"start":{"line":17,"column":0},"end":{"line":33,"column":3}},"13":{"start":{"line":18,"column":22},"end":{"line":18,"column":40}},"14":{"start":{"line":19,"column":3},"end":{"line":19,"column":67}},"15":{"start":{"line":19,"column":13},"end":{"line":19,"column":67}},"16":{"start":{"line":21,"column":14},"end":{"line":21,"column":59}},"17":{"start":{"line":22,"column":3},"end":{"line":22,"column":66}},"18":{"start":{"line":22,"column":13},"end":{"line":22,"column":66}},"19":{"start":{"line":24,"column":3},"end":{"line":24,"column":68}},"20":{"start":{"line":25,"column":16},"end":{"line":25,"column":40}},"21":{"start":{"line":26,"column":3},"end":{"line":26,"column":58}},"22":{"start":{"line":28,"column":3},"end":{"line":28,"column":21}},"23":{"start":{"line":30,"column":17},"end":{"line":30,"column":41}},"24":{"start":{"line":31,"column":3},"end":{"line":31,"column":82}},"25":{"start":{"line":41,"column":0},"end":{"line":41,"column":24}}},"fnMap":{"0":{"name":"(anonymous_0)","decl":{"start":{"line":11,"column":24},"end":{"line":11,"column":25}},"loc":{"start":{"line":11,"column":44},"end":{"line":15,"column":1}},"line":11},"1":{"name":"(anonymous_1)","decl":{"start":{"line":17,"column":17},"end":{"line":17,"column":18}},"loc":{"start":{"line":17,"column":37},"end":{"line":33,"column":1}},"line":17}},"branchMap":{"0":{"loc":{"start":{"line":19,"column":3},"end":{"line":19,"column":67}},"type":"if","locations":[{"start":{"line":19,"column":3},"end":{"line":19,"column":67}},{"start":{},"end":{}}],"line":19},"1":{"loc":{"start":{"line":22,"column":3},"end":{"line":22,"column":66}},"type":"if","locations":[{"start":{"line":22,"column":3},"end":{"line":22,"column":66}},{"start":{},"end":{}}],"line":22}},"s":{"0":2,"1":2,"2":2,"3":2,"4":2,"5":2,"6":2,"7":2,"8":2,"9":2,"10":0,"11":0,"12":2,"13":0,"14":0,"15":0,"16":0,"17":0,"18":0,"19":0,"20":0,"21":0,"22":0,"23":0,"24":0,"25":2},"f":{"0":0,"1":0},"b":{"0":[0,0],"1":[0,0]},"_coverageSchema":"1a1c01bbd47fc00a2c39e90264f33305004495a9","hash":"dd1f1eec2e0b9b9902fae50f71004cba33d6fcfc"}
,"/Users/jhonnatanromero/Documents/node-course/vidly/startup/config.js": {"path":"/Users/jhonnatanromero/Documents/node-course/vidly/startup/config.js","statementMap":{"0":{"start":{"line":1,"column":15},"end":{"line":1,"column":32}},"1":{"start":{"line":4,"column":0},"end":{"line":10,"column":1}},"2":{"start":{"line":6,"column":0},"end":{"line":9,"column":1}},"3":{"start":{"line":7,"column":4},"end":{"line":7,"column":66}}},"fnMap":{"0":{"name":"(anonymous_0)","decl":{"start":{"line":4,"column":17},"end":{"line":4,"column":18}},"loc":{"start":{"line":4,"column":28},"end":{"line":10,"column":1}},"line":4}},"branchMap":{"0":{"loc":{"start":{"line":6,"column":0},"end":{"line":9,"column":1}},"type":"if","locations":[{"start":{"line":6,"column":0},"end":{"line":9,"column":1}},{"start":{},"end":{}}],"line":6}},"s":{"0":2,"1":2,"2":2,"3":0},"f":{"0":2},"b":{"0":[0,2]},"_coverageSchema":"1a1c01bbd47fc00a2c39e90264f33305004495a9","hash":"ba4c497036201cebdfb8d4a9781efbf669b62c22"}
,"/Users/jhonnatanromero/Documents/node-course/vidly/startup/db.js": {"path":"/Users/jhonnatanromero/Documents/node-course/vidly/startup/db.js","statementMap":{"0":{"start":{"line":1,"column":17},"end":{"line":1,"column":35}},"1":{"start":{"line":2,"column":17},"end":{"line":2,"column":36}},"2":{"start":{"line":3,"column":15},"end":{"line":3,"column":32}},"3":{"start":{"line":5,"column":0},"end":{"line":15,"column":1}},"4":{"start":{"line":6,"column":4},"end":{"line":6,"column":40}},"5":{"start":{"line":7,"column":15},"end":{"line":7,"column":31}},"6":{"start":{"line":8,"column":4},"end":{"line":11,"column":54}},"7":{"start":{"line":11,"column":16},"end":{"line":11,"column":53}}},"fnMap":{"0":{"name":"(anonymous_0)","decl":{"start":{"line":5,"column":17},"end":{"line":5,"column":18}},"loc":{"start":{"line":5,"column":28},"end":{"line":15,"column":1}},"line":5},"1":{"name":"(anonymous_1)","decl":{"start":{"line":11,"column":10},"end":{"line":11,"column":11}},"loc":{"start":{"line":11,"column":16},"end":{"line":11,"column":53}},"line":11}},"branchMap":{},"s":{"0":2,"1":2,"2":2,"3":2,"4":2,"5":2,"6":2,"7":2},"f":{"0":2,"1":2},"b":{},"_coverageSchema":"1a1c01bbd47fc00a2c39e90264f33305004495a9","hash":"96a05fba37bf79382341a75c157d47fea7eba0df"}
,"/Users/jhonnatanromero/Documents/node-course/vidly/startup/logging.js": {"path":"/Users/jhonnatanromero/Documents/node-course/vidly/startup/logging.js","statementMap":{"0":{"start":{"line":1,"column":17},"end":{"line":1,"column":35}},"1":{"start":{"line":3,"column":0},"end":{"line":3,"column":32}},"2":{"start":{"line":5,"column":0},"end":{"line":25,"column":1}},"3":{"start":{"line":6,"column":4},"end":{"line":8,"column":76}},"4":{"start":{"line":10,"column":8},"end":{"line":12,"column":11}},"5":{"start":{"line":11,"column":12},"end":{"line":11,"column":21}},"6":{"start":{"line":18,"column":4},"end":{"line":18,"column":69}}},"fnMap":{"0":{"name":"(anonymous_0)","decl":{"start":{"line":5,"column":17},"end":{"line":5,"column":18}},"loc":{"start":{"line":5,"column":28},"end":{"line":25,"column":1}},"line":5},"1":{"name":"(anonymous_1)","decl":{"start":{"line":10,"column":41},"end":{"line":10,"column":42}},"loc":{"start":{"line":10,"column":49},"end":{"line":12,"column":9}},"line":10}},"branchMap":{},"s":{"0":2,"1":2,"2":2,"3":2,"4":2,"5":0,"6":2},"f":{"0":2,"1":0},"b":{},"_coverageSchema":"1a1c01bbd47fc00a2c39e90264f33305004495a9","hash":"a7a6ec6cb89f8b54cd58903be3312d7d5cefe016"}
,"/Users/jhonnatanromero/Documents/node-course/vidly/startup/routes.js": {"path":"/Users/jhonnatanromero/Documents/node-course/vidly/startup/routes.js","statementMap":{"0":{"start":{"line":1,"column":16},"end":{"line":1,"column":34}},"1":{"start":{"line":2,"column":15},"end":{"line":2,"column":42}},"2":{"start":{"line":3,"column":18},"end":{"line":3,"column":48}},"3":{"start":{"line":4,"column":15},"end":{"line":4,"column":42}},"4":{"start":{"line":5,"column":16},"end":{"line":5,"column":44}},"5":{"start":{"line":6,"column":14},"end":{"line":6,"column":40}},"6":{"start":{"line":7,"column":13},"end":{"line":7,"column":38}},"7":{"start":{"line":8,"column":14},"end":{"line":8,"column":44}},"8":{"start":{"line":10,"column":0},"end":{"line":19,"column":2}},"9":{"start":{"line":11,"column":4},"end":{"line":11,"column":28}},"10":{"start":{"line":12,"column":4},"end":{"line":12,"column":35}},"11":{"start":{"line":13,"column":4},"end":{"line":13,"column":41}},"12":{"start":{"line":14,"column":4},"end":{"line":14,"column":35}},"13":{"start":{"line":15,"column":4},"end":{"line":15,"column":37}},"14":{"start":{"line":16,"column":4},"end":{"line":16,"column":33}},"15":{"start":{"line":17,"column":4},"end":{"line":17,"column":31}},"16":{"start":{"line":18,"column":4},"end":{"line":18,"column":19}}},"fnMap":{"0":{"name":"(anonymous_0)","decl":{"start":{"line":10,"column":17},"end":{"line":10,"column":18}},"loc":{"start":{"line":10,"column":31},"end":{"line":19,"column":1}},"line":10}},"branchMap":{},"s":{"0":2,"1":2,"2":2,"3":2,"4":2,"5":2,"6":2,"7":2,"8":2,"9":2,"10":2,"11":2,"12":2,"13":2,"14":2,"15":2,"16":2},"f":{"0":2},"b":{},"_coverageSchema":"1a1c01bbd47fc00a2c39e90264f33305004495a9","hash":"895e3a8fc57ec6e8838b1617a8b0b9c3e638ae88"}
,"/Users/jhonnatanromero/Documents/node-course/vidly/startup/validation.js": {"path":"/Users/jhonnatanromero/Documents/node-course/vidly/startup/validation.js","statementMap":{"0":{"start":{"line":1,"column":12},"end":{"line":1,"column":26}},"1":{"start":{"line":2,"column":13},"end":{"line":2,"column":42}},"2":{"start":{"line":4,"column":0},"end":{"line":7,"column":1}},"3":{"start":{"line":5,"column":4},"end":{"line":5,"column":48}}},"fnMap":{"0":{"name":"(anonymous_0)","decl":{"start":{"line":4,"column":17},"end":{"line":4,"column":18}},"loc":{"start":{"line":4,"column":28},"end":{"line":7,"column":1}},"line":4}},"branchMap":{},"s":{"0":2,"1":2,"2":2,"3":2},"f":{"0":2},"b":{},"_coverageSchema":"1a1c01bbd47fc00a2c39e90264f33305004495a9","hash":"532dc1a8a700276d076558a78f92f79b08c1d1cf"}
}
